ProjectWorkspace/app/build/intermediates/manifest_merge_blame_file/debug/manifest-merger-blame-debug-report.txt
1<?xml version="1.0" encoding="utf-8"?>
2<manifest xmlns:android="http://schemas.android.com/apk/res/android"
3    package="com.example.auto_medic"
4    android:versionCode="1"
5    android:versionName="1.0" >
6
7    <uses-sdk
8        android:minSdkVersion="24"
8-->src\main\AndroidManifest.xml
9        android:targetSdkVersion="29" />
9-->src\main\AndroidManifest.xml
10
11    <uses-permission android:name="android.permission.INTERNET" />
11-->src\main\AndroidManifest.xml:5:5-67
11-->src\main\AndroidManifest.xml:5:22-64
12    <uses-permission android:name="android.permission.ACCESS_FINE_LOCATION" />
12-->src\main\AndroidManifest.xml:6:5-79
12-->src\main\AndroidManifest.xml:6:22-76
13    <uses-permission android:name="android.permission.ACCESS_COARSE_LOCATION" />
13-->src\main\AndroidManifest.xml:7:5-81
13-->src\main\AndroidManifest.xml:7:22-78
14    <uses-permission android:name="android.permission.ACCESS_NETWORK_STATE" />
14-->src\main\AndroidManifest.xml:8:5-79
14-->src\main\AndroidManifest.xml:8:22-76
15    <uses-permission android:name="android.permission.CHANGE_NETWORK_STATE" />
15-->src\main\AndroidManifest.xml:9:5-79
15-->src\main\AndroidManifest.xml:9:22-76
16    <uses-permission android:name="android.permission.ACCESS_WIFI_STATE" />
16-->src\main\AndroidManifest.xml:10:5-76
16-->src\main\AndroidManifest.xml:10:22-73
17    <uses-permission android:name="android.permission.CHANGE_WIFI_STATE" />
17-->src\main\AndroidManifest.xml:11:5-76
17-->src\main\AndroidManifest.xml:11:22-73
18
19    <application
19-->src\main\AndroidManifest.xml:13:5-46:19
20        android:name="androidx.multidex.MultiDexApplication"
20-->src\main\AndroidManifest.xml:15:9-61
21        android:allowBackup="true"
21-->src\main\AndroidManifest.xml:17:9-35
22        android:appComponentFactory="androidx.core.app.CoreComponentFactory"
22-->[androidx.core:core:1.1.0] AndroidManifest.xml:24:18-86
23        android:debuggable="true"
24        android:extractNativeLibs="false"
25        android:icon="@mipmap/ic_launcher"
25-->src\main\AndroidManifest.xml:18:9-43
26        android:label="@string/app_name"
26-->src\main\AndroidManifest.xml:19:9-41
27        android:networkSecurityConfig="@xml/network_security_config"
27-->src\main\AndroidManifest.xml:20:9-69
28        android:requestLegacyExternalStorage="true"
28-->src\main\AndroidManifest.xml:14:9-52
29        android:roundIcon="@mipmap/ic_launcher_round"
29-->src\main\AndroidManifest.xml:21:9-54
30        android:supportsRtl="true"
30-->src\main\AndroidManifest.xml:22:9-35
31        android:testOnly="true"
32        android:theme="@style/AppTheme"
32-->src\main\AndroidManifest.xml:23:9-40
33        android:usesCleartextTraffic="true" >
33-->src\main\AndroidManifest.xml:16:9-44
34        <activity android:name="com.example.auto_medic.MedicineInfoActivity" >
34-->src\main\AndroidManifest.xml:24:9-26:20
34-->src\main\AndroidManifest.xml:24:19-55
35        </activity>
36        <activity android:name="com.example.auto_medic.SearchMedicineActivity" >
36-->src\main\AndroidManifest.xml:27:9-32:20
36-->src\main\AndroidManifest.xml:27:19-57
37            <intent-filter>
37-->src\main\AndroidManifest.xml:28:13-31:29
38                <action android:name="android.intent.action.MAIN" />
38-->src\main\AndroidManifest.xml:29:17-69
38-->src\main\AndroidManifest.xml:29:25-66
39
40                <category android:name="android.intent.category.LAUNCHER" />
40-->src\main\AndroidManifest.xml:30:17-77
40-->src\main\AndroidManifest.xml:30:27-74
41            </intent-filter>
42        </activity>
43
44        <meta-data
44-->src\main\AndroidManifest.xml:34:9-36:64
45            android:name="com.kakao.sdk.AppKey"
45-->src\main\AndroidManifest.xml:35:13-48
46            android:value="dfad18acfdedf55dc41d1001d4fabd06" />
46-->src\main\AndroidManifest.xml:36:13-61
47
48        <activity android:name="com.example.auto_medic.MapActivity" >
48-->src\main\AndroidManifest.xml:38:9-40:20
48-->src\main\AndroidManifest.xml:38:19-46
49        </activity>
50        <activity android:name="com.example.auto_medic.MainActivity" >
50-->src\main\AndroidManifest.xml:41:9-44:20
50-->src\main\AndroidManifest.xml:41:19-47
51        </activity>
52
53        <uses-library
53-->src\main\AndroidManifest.xml:45:9-89
54            android:name="org.apache.http.legacy"
54-->src\main\AndroidManifest.xml:45:23-61
55            android:required="false" />
55-->src\main\AndroidManifest.xml:45:62-87
56
57        <activity
57-->[com.stripe:stripe-android:8.1.0] AndroidManifest.xml:12:9-16:20
58            android:name="com.stripe.android.view.AddSourceActivity"
58-->[com.stripe:stripe-android:8.1.0] AndroidManifest.xml:13:13-69
59            android:theme="@style/StripeDefaultTheme"
59-->[com.stripe:stripe-android:8.1.0] AndroidManifest.xml:14:13-54
60            android:windowSoftInputMode="stateVisible" >
60-->[com.stripe:stripe-android:8.1.0] AndroidManifest.xml:15:13-55
61        </activity>
62        <activity
62-->[com.stripe:stripe-android:8.1.0] AndroidManifest.xml:17:9-20:20
63            android:name="com.stripe.android.view.PaymentMethodsActivity"
63-->[com.stripe:stripe-android:8.1.0] AndroidManifest.xml:18:13-74
64            android:theme="@style/StripeDefaultTheme" >
64-->[com.stripe:stripe-android:8.1.0] AndroidManifest.xml:19:13-54
65        </activity>
66        <activity
66-->[com.stripe:stripe-android:8.1.0] AndroidManifest.xml:21:9-24:20
67            android:name="com.stripe.android.view.PaymentFlowActivity"
67-->[com.stripe:stripe-android:8.1.0] AndroidManifest.xml:22:13-71
68            android:theme="@style/StripeDefaultTheme" >
68-->[com.stripe:stripe-android:8.1.0] AndroidManifest.xml:23:13-54
69        </activity>
70    </application>
71
72</manifest>